[DEBUG] Migration already effectively installed (skipped): \phpbb\db\migration\data\v31x\v312
[DEBUG] Apply dependencies of \phpbb\db\migration\data\v31x\v313.
[DEBUG] Apply dependencies of \phpbb\db\migration\data\v31x\v313rc2.
[DEBUG] Apply dependencies of \phpbb\db\migration\data\v30x\release_3_0_13_pl1.
[DEBUG] Apply dependencies of \phpbb\db\migration\data\v30x\release_3_0_13.
[DEBUG] Apply dependencies of \phpbb\db\migration\data\v30x\release_3_0_13_rc1.
[DEBUG] Installing Schema: \phpbb\db\migration\data\v30x\release_3_0_13_rc1.
[INFO] Installed Schema: \phpbb\db\migration\data\v30x\release_3_0_13_rc1; Time: 0.00 seconds
[DEBUG] Migration already effectively installed (skipped): \phpbb\db\migration\data\v31x\v312
[DEBUG] Apply dependencies of \phpbb\db\migration\data\v31x\v313.
[DEBUG] Apply dependencies of \phpbb\db\migration\data\v31x\v313rc2.
[DEBUG] Apply dependencies of \phpbb\db\migration\data\v30x\release_3_0_13_pl1.
[DEBUG] Apply dependencies of \phpbb\db\migration\data\v30x\release_3_0_13.
[DEBUG] Apply dependencies of \phpbb\db\migration\data\v30x\release_3_0_13_rc1.
[DEBUG] Installing Data: \phpbb\db\migration\data\v30x\release_3_0_13_rc1.
[INFO] Installed Data: \phpbb\db\migration\data\v30x\release_3_0_13_rc1; Time: 0.00 seconds
[DEBUG] Migration already effectively installed (skipped): \phpbb\db\migration\data\v31x\v312
[DEBUG] Apply dependencies of \phpbb\db\migration\data\v31x\v313.
[DEBUG] Apply dependencies of \phpbb\db\migration\data\v31x\v313rc2.
[DEBUG] Apply dependencies of \phpbb\db\migration\data\v30x\release_3_0_13_pl1.
[DEBUG] Apply dependencies of \phpbb\db\migration\data\v30x\release_3_0_13.
[DEBUG] Installing Schema: \phpbb\db\migration\data\v30x\release_3_0_13.
[INFO] Installed Schema: \phpbb\db\migration\data\v30x\release_3_0_13; Time: 0.00 seconds
[DEBUG] Migration already effectively installed (skipped): \phpbb\db\migration\data\v31x\v312
[DEBUG] Apply dependencies of \phpbb\db\migration\data\v31x\v313.
[DEBUG] Apply dependencies of \phpbb\db\migration\data\v31x\v313rc2.
[DEBUG] Apply dependencies of \phpbb\db\migration\data\v30x\release_3_0_13_pl1.
[DEBUG] Apply dependencies of \phpbb\db\migration\data\v30x\release_3_0_13.
[DEBUG] Installing Data: \phpbb\db\migration\data\v30x\release_3_0_13.
[INFO] Installed Data: \phpbb\db\migration\data\v30x\release_3_0_13; Time: 0.00 seconds
[DEBUG] Migration already effectively installed (skipped): \phpbb\db\migration\data\v31x\v312
[DEBUG] Apply dependencies of \phpbb\db\migration\data\v31x\v313.
[DEBUG] Apply dependencies of \phpbb\db\migration\data\v31x\v313rc2.
[DEBUG] Apply dependencies of \phpbb\db\migration\data\v30x\release_3_0_13_pl1.
[DEBUG] Installing Schema: \phpbb\db\migration\data\v30x\release_3_0_13_pl1.
[INFO] Installed Schema: \phpbb\db\migration\data\v30x\release_3_0_13_pl1; Time: 0.00 seconds
[DEBUG] Migration already effectively installed (skipped): \phpbb\db\migration\data\v31x\v312
[DEBUG] Apply dependencies of \phpbb\db\migration\data\v31x\v313.
[DEBUG] Apply dependencies of \phpbb\db\migration\data\v31x\v313rc2.
[DEBUG] Apply dependencies of \phpbb\db\migration\data\v30x\release_3_0_13_pl1.
[DEBUG] Installing Data: \phpbb\db\migration\data\v30x\release_3_0_13_pl1.
[INFO] Installed Data: \phpbb\db\migration\data\v30x\release_3_0_13_pl1; Time: 0.00 seconds
[DEBUG] Migration already effectively installed (skipped): \phpbb\db\migration\data\v31x\v312
[DEBUG] Apply dependencies of \phpbb\db\migration\data\v31x\v313.
[DEBUG] Apply dependencies of \phpbb\db\migration\data\v31x\v313rc2.
[DEBUG] Apply dependencies of \phpbb\db\migration\data\v31x\v313rc1.
[DEBUG] Apply dependencies of \phpbb\db\migration\data\v31x\plupload_last_gc_dynamic.
[DEBUG] Installing Schema: \phpbb\db\migration\data\v31x\plupload_last_gc_dynamic.
[INFO] Installed Schema: \phpbb\db\migration\data\v31x\plupload_last_gc_dynamic; Time: 0.00 seconds
[DEBUG] Migration already effectively installed (skipped): \phpbb\db\migration\data\v31x\v312
[DEBUG] Apply dependencies of \phpbb\db\migration\data\v31x\v313.
[DEBUG] Apply dependencies of \phpbb\db\migration\data\v31x\v313rc2.
[DEBUG] Apply dependencies of \phpbb\db\migration\data\v31x\v313rc1.
[DEBUG] Apply dependencies of \phpbb\db\migration\data\v31x\plupload_last_gc_dynamic.
[DEBUG] Installing Data: \phpbb\db\migration\data\v31x\plupload_last_gc_dynamic.
[INFO] Installed Data: \phpbb\db\migration\data\v31x\plupload_last_gc_dynamic; Time: 0.00 seconds
[DEBUG] Migration already effectively installed (skipped): \phpbb\db\migration\data\v31x\v312
[DEBUG] Apply dependencies of \phpbb\db\migration\data\v31x\v313.
[DEBUG] Apply dependencies of \phpbb\db\migration\data\v31x\v313rc2.
[DEBUG] Apply dependencies of \phpbb\db\migration\data\v31x\v313rc1.
[DEBUG] Apply dependencies of \phpbb\db\migration\data\v31x\profilefield_remove_underscore_from_alpha.
[DEBUG] Installing Schema: \phpbb\db\migration\data\v31x\profilefield_remove_underscore_from_alpha.
[INFO] Installed Schema: \phpbb\db\migration\data\v31x\profilefield_remove_underscore_from_alpha; Time: 0.00 seconds
[DEBUG] Migration already effectively installed (skipped): \phpbb\db\migration\data\v31x\v312
[DEBUG] Apply dependencies of \phpbb\db\migration\data\v31x\v313.
[DEBUG] Apply dependencies of \phpbb\db\migration\data\v31x\v313rc2.
[DEBUG] Apply dependencies of \phpbb\db\migration\data\v31x\v313rc1.
[DEBUG] Apply dependencies of \phpbb\db\migration\data\v31x\profilefield_remove_underscore_from_alpha.
[DEBUG] Installing Data: \phpbb\db\migration\data\v31x\profilefield_remove_underscore_from_alpha.
[INFO] Installed Data: \phpbb\db\migration\data\v31x\profilefield_remove_underscore_from_alpha; Time: 0.00 seconds
[DEBUG] Migration already effectively installed (skipped): \phpbb\db\migration\data\v31x\v312
[DEBUG] Apply dependencies of \phpbb\db\migration\data\v31x\v313.
[DEBUG] Apply dependencies of \phpbb\db\migration\data\v31x\v313rc2.
[DEBUG] Apply dependencies of \phpbb\db\migration\data\v31x\v313rc1.
[DEBUG] Apply dependencies of \phpbb\db\migration\data\v31x\profilefield_yahoo_update_url.
[DEBUG] Installing Schema: \phpbb\db\migration\data\v31x\profilefield_yahoo_update_url.
[INFO] Installed Schema: \phpbb\db\migration\data\v31x\profilefield_yahoo_update_url; Time: 0.00 seconds
[DEBUG] Migration already effectively installed (skipped): \phpbb\db\migration\data\v31x\v312
[DEBUG] Apply dependencies of \phpbb\db\migration\data\v31x\v313.
[DEBUG] Apply dependencies of \phpbb\db\migration\data\v31x\v313rc2.
[DEBUG] Apply dependencies of \phpbb\db\migration\data\v31x\v313rc1.
[DEBUG] Apply dependencies of \phpbb\db\migration\data\v31x\profilefield_yahoo_update_url.
[DEBUG] Installing Data: \phpbb\db\migration\data\v31x\profilefield_yahoo_update_url.
[INFO] Installed Data: \phpbb\db\migration\data\v31x\profilefield_yahoo_update_url; Time: 0.00 seconds
[DEBUG] Migration already effectively installed (skipped): \phpbb\db\migration\data\v31x\v312
[DEBUG] Apply dependencies of \phpbb\db\migration\data\v31x\v313.
[DEBUG] Apply dependencies of \phpbb\db\migration\data\v31x\v313rc2.
[DEBUG] Apply dependencies of \phpbb\db\migration\data\v31x\v313rc1.
[DEBUG] Apply dependencies of \phpbb\db\migration\data\v31x\update_custom_bbcodes_with_idn.
[DEBUG] Installing Schema: \phpbb\db\migration\data\v31x\update_custom_bbcodes_with_idn.
[INFO] Installed Schema: \phpbb\db\migration\data\v31x\update_custom_bbcodes_with_idn; Time: 0.00 seconds
[DEBUG] Migration already effectively installed (skipped): \phpbb\db\migration\data\v31x\v312
[DEBUG] Apply dependencies of \phpbb\db\migration\data\v31x\v313.
[DEBUG] Apply dependencies of \phpbb\db\migration\data\v31x\v313rc2.
[DEBUG] Apply dependencies of \phpbb\db\migration\data\v31x\v313rc1.
[DEBUG] Apply dependencies of \phpbb\db\migration\data\v31x\update_custom_bbcodes_with_idn.
[DEBUG] Installing Data: \phpbb\db\migration\data\v31x\update_custom_bbcodes_with_idn.
[INFO] Installed Data: \phpbb\db\migration\data\v31x\update_custom_bbcodes_with_idn; Time: 0.00 seconds
[DEBUG] Migration already effectively installed (skipped): \phpbb\db\migration\data\v31x\v312
[DEBUG] Apply dependencies of \phpbb\db\migration\data\v31x\v313.
[DEBUG] Apply dependencies of \phpbb\db\migration\data\v31x\v313rc2.
[DEBUG] Apply dependencies of \phpbb\db\migration\data\v31x\v313rc1.
[DEBUG] Installing Schema: \phpbb\db\migration\data\v31x\v313rc1.
[INFO] Installed Schema: \phpbb\db\migration\data\v31x\v313rc1; Time: 0.00 seconds
[DEBUG] Migration already effectively installed (skipped): \phpbb\db\migration\data\v31x\v312
[DEBUG] Apply dependencies of \phpbb\db\migration\data\v31x\v313.
[DEBUG] Apply dependencies of \phpbb\db\migration\data\v31x\v313rc2.
[DEBUG] Apply dependencies of \phpbb\db\migration\data\v31x\v313rc1.
[DEBUG] Installing Data: \phpbb\db\migration\data\v31x\v313rc1.
[INFO] Installed Data: \phpbb\db\migration\data\v31x\v313rc1; Time: 0.00 seconds
[DEBUG] Migration already effectively installed (skipped): \phpbb\db\migration\data\v31x\v312
[DEBUG] Apply dependencies of \phpbb\db\migration\data\v31x\v313.
[DEBUG] Apply dependencies of \phpbb\db\migration\data\v31x\v313rc2.
[DEBUG] Installing Schema: \phpbb\db\migration\data\v31x\v313rc2.
[INFO] Installed Schema: \phpbb\db\migration\data\v31x\v313rc2; Time: 0.00 seconds
[DEBUG] Migration already effectively installed (skipped): \phpbb\db\migration\data\v31x\v312
[DEBUG] Apply dependencies of \phpbb\db\migration\data\v31x\v313.
[DEBUG] Apply dependencies of \phpbb\db\migration\data\v31x\v313rc2.
[DEBUG] Installing Data: \phpbb\db\migration\data\v31x\v313rc2.
[INFO] Installed Data: \phpbb\db\migration\data\v31x\v313rc2; Time: 0.00 seconds
[DEBUG] Migration already effectively installed (skipped): \phpbb\db\migration\data\v31x\v312
[DEBUG] Apply dependencies of \phpbb\db\migration\data\v31x\v313.
[DEBUG] Installing Schema: \phpbb\db\migration\data\v31x\v313.
[INFO] Installed Schema: \phpbb\db\migration\data\v31x\v313; Time: 0.00 seconds
[DEBUG] Migration already effectively installed (skipped): \phpbb\db\migration\data\v31x\v312
[DEBUG] Apply dependencies of \phpbb\db\migration\data\v31x\v313.
[DEBUG] Installing Data: \phpbb\db\migration\data\v31x\v313.
[INFO] Installed Data: \phpbb\db\migration\data\v31x\v313; Time: 0.00 seconds
