[DEBUG] Migration already effectively installed (skipped): \phpbb\db\migration\data\v31x\v312
[DEBUG] Migration already effectively installed (skipped): \phpbb\db\migration\data\v31x\v313
[DEBUG] Migration already effectively installed (skipped): \phpbb\db\migration\data\v31x\plupload_last_gc_dynamic
[DEBUG] Migration already effectively installed (skipped): \phpbb\db\migration\data\v31x\v313rc2
[DEBUG] Apply dependencies of \phpbb\db\migration\data\v31x\v315.
[DEBUG] Apply dependencies of \phpbb\db\migration\data\v31x\v315rc1.
[DEBUG] Apply dependencies of \phpbb\db\migration\data\v31x\v314.
[DEBUG] Apply dependencies of \phpbb\db\migration\data\v30x\release_3_0_14.
[DEBUG] Apply dependencies of \phpbb\db\migration\data\v30x\release_3_0_14_rc1.
[DEBUG] Installing Schema: \phpbb\db\migration\data\v30x\release_3_0_14_rc1.
[INFO] Installed Schema: \phpbb\db\migration\data\v30x\release_3_0_14_rc1; Time: 0.00 seconds
[DEBUG] Migration already effectively installed (skipped): \phpbb\db\migration\data\v31x\v312
[DEBUG] Migration already effectively installed (skipped): \phpbb\db\migration\data\v31x\v313
[DEBUG] Migration already effectively installed (skipped): \phpbb\db\migration\data\v31x\plupload_last_gc_dynamic
[DEBUG] Migration already effectively installed (skipped): \phpbb\db\migration\data\v31x\v313rc2
[DEBUG] Apply dependencies of \phpbb\db\migration\data\v31x\v315.
[DEBUG] Apply dependencies of \phpbb\db\migration\data\v31x\v315rc1.
[DEBUG] Apply dependencies of \phpbb\db\migration\data\v31x\v314.
[DEBUG] Apply dependencies of \phpbb\db\migration\data\v30x\release_3_0_14.
[DEBUG] Apply dependencies of \phpbb\db\migration\data\v30x\release_3_0_14_rc1.
[DEBUG] Installing Data: \phpbb\db\migration\data\v30x\release_3_0_14_rc1.
[INFO] Installed Data: \phpbb\db\migration\data\v30x\release_3_0_14_rc1; Time: 0.00 seconds
[DEBUG] Migration already effectively installed (skipped): \phpbb\db\migration\data\v31x\v312
[DEBUG] Migration already effectively installed (skipped): \phpbb\db\migration\data\v31x\v313
[DEBUG] Migration already effectively installed (skipped): \phpbb\db\migration\data\v31x\plupload_last_gc_dynamic
[DEBUG] Migration already effectively installed (skipped): \phpbb\db\migration\data\v31x\v313rc2
[DEBUG] Apply dependencies of \phpbb\db\migration\data\v31x\v315.
[DEBUG] Apply dependencies of \phpbb\db\migration\data\v31x\v315rc1.
[DEBUG] Apply dependencies of \phpbb\db\migration\data\v31x\v314.
[DEBUG] Apply dependencies of \phpbb\db\migration\data\v30x\release_3_0_14.
[DEBUG] Installing Schema: \phpbb\db\migration\data\v30x\release_3_0_14.
[INFO] Installed Schema: \phpbb\db\migration\data\v30x\release_3_0_14; Time: 0.00 seconds
[DEBUG] Migration already effectively installed (skipped): \phpbb\db\migration\data\v31x\v312
[DEBUG] Migration already effectively installed (skipped): \phpbb\db\migration\data\v31x\v313
[DEBUG] Migration already effectively installed (skipped): \phpbb\db\migration\data\v31x\plupload_last_gc_dynamic
[DEBUG] Migration already effectively installed (skipped): \phpbb\db\migration\data\v31x\v313rc2
[DEBUG] Apply dependencies of \phpbb\db\migration\data\v31x\v315.
[DEBUG] Apply dependencies of \phpbb\db\migration\data\v31x\v315rc1.
[DEBUG] Apply dependencies of \phpbb\db\migration\data\v31x\v314.
[DEBUG] Apply dependencies of \phpbb\db\migration\data\v30x\release_3_0_14.
[DEBUG] Installing Data: \phpbb\db\migration\data\v30x\release_3_0_14.
[INFO] Installed Data: \phpbb\db\migration\data\v30x\release_3_0_14; Time: 0.00 seconds
[DEBUG] Migration already effectively installed (skipped): \phpbb\db\migration\data\v31x\v312
[DEBUG] Migration already effectively installed (skipped): \phpbb\db\migration\data\v31x\v313
[DEBUG] Migration already effectively installed (skipped): \phpbb\db\migration\data\v31x\plupload_last_gc_dynamic
[DEBUG] Migration already effectively installed (skipped): \phpbb\db\migration\data\v31x\v313rc2
[DEBUG] Apply dependencies of \phpbb\db\migration\data\v31x\v315.
[DEBUG] Apply dependencies of \phpbb\db\migration\data\v31x\v315rc1.
[DEBUG] Apply dependencies of \phpbb\db\migration\data\v31x\v314.
[DEBUG] Apply dependencies of \phpbb\db\migration\data\v31x\v314rc2.
[DEBUG] Apply dependencies of \phpbb\db\migration\data\v31x\v314rc1.
[DEBUG] Installing Schema: \phpbb\db\migration\data\v31x\v314rc1.
[INFO] Installed Schema: \phpbb\db\migration\data\v31x\v314rc1; Time: 0.00 seconds
[DEBUG] Migration already effectively installed (skipped): \phpbb\db\migration\data\v31x\v312
[DEBUG] Migration already effectively installed (skipped): \phpbb\db\migration\data\v31x\v313
[DEBUG] Migration already effectively installed (skipped): \phpbb\db\migration\data\v31x\plupload_last_gc_dynamic
[DEBUG] Migration already effectively installed (skipped): \phpbb\db\migration\data\v31x\v313rc2
[DEBUG] Apply dependencies of \phpbb\db\migration\data\v31x\v315.
[DEBUG] Apply dependencies of \phpbb\db\migration\data\v31x\v315rc1.
[DEBUG] Apply dependencies of \phpbb\db\migration\data\v31x\v314.
[DEBUG] Apply dependencies of \phpbb\db\migration\data\v31x\v314rc2.
[DEBUG] Apply dependencies of \phpbb\db\migration\data\v31x\v314rc1.
[DEBUG] Installing Data: \phpbb\db\migration\data\v31x\v314rc1.
[INFO] Installed Data: \phpbb\db\migration\data\v31x\v314rc1; Time: 0.00 seconds
[DEBUG] Migration already effectively installed (skipped): \phpbb\db\migration\data\v31x\v312
[DEBUG] Migration already effectively installed (skipped): \phpbb\db\migration\data\v31x\v313
[DEBUG] Migration already effectively installed (skipped): \phpbb\db\migration\data\v31x\plupload_last_gc_dynamic
[DEBUG] Migration already effectively installed (skipped): \phpbb\db\migration\data\v31x\v313rc2
[DEBUG] Apply dependencies of \phpbb\db\migration\data\v31x\v315.
[DEBUG] Apply dependencies of \phpbb\db\migration\data\v31x\v315rc1.
[DEBUG] Apply dependencies of \phpbb\db\migration\data\v31x\v314.
[DEBUG] Apply dependencies of \phpbb\db\migration\data\v31x\v314rc2.
[DEBUG] Installing Schema: \phpbb\db\migration\data\v31x\v314rc2.
[INFO] Installed Schema: \phpbb\db\migration\data\v31x\v314rc2; Time: 0.00 seconds
[DEBUG] Migration already effectively installed (skipped): \phpbb\db\migration\data\v31x\v312
[DEBUG] Migration already effectively installed (skipped): \phpbb\db\migration\data\v31x\v313
[DEBUG] Migration already effectively installed (skipped): \phpbb\db\migration\data\v31x\plupload_last_gc_dynamic
[DEBUG] Migration already effectively installed (skipped): \phpbb\db\migration\data\v31x\v313rc2
[DEBUG] Apply dependencies of \phpbb\db\migration\data\v31x\v315.
[DEBUG] Apply dependencies of \phpbb\db\migration\data\v31x\v315rc1.
[DEBUG] Apply dependencies of \phpbb\db\migration\data\v31x\v314.
[DEBUG] Apply dependencies of \phpbb\db\migration\data\v31x\v314rc2.
[DEBUG] Installing Data: \phpbb\db\migration\data\v31x\v314rc2.
[INFO] Installed Data: \phpbb\db\migration\data\v31x\v314rc2; Time: 0.00 seconds
[DEBUG] Migration already effectively installed (skipped): \phpbb\db\migration\data\v31x\v312
[DEBUG] Migration already effectively installed (skipped): \phpbb\db\migration\data\v31x\v313
[DEBUG] Migration already effectively installed (skipped): \phpbb\db\migration\data\v31x\plupload_last_gc_dynamic
[DEBUG] Migration already effectively installed (skipped): \phpbb\db\migration\data\v31x\v313rc2
[DEBUG] Apply dependencies of \phpbb\db\migration\data\v31x\v315.
[DEBUG] Apply dependencies of \phpbb\db\migration\data\v31x\v315rc1.
[DEBUG] Apply dependencies of \phpbb\db\migration\data\v31x\v314.
[DEBUG] Installing Schema: \phpbb\db\migration\data\v31x\v314.
[INFO] Installed Schema: \phpbb\db\migration\data\v31x\v314; Time: 0.00 seconds
[DEBUG] Migration already effectively installed (skipped): \phpbb\db\migration\data\v31x\v312
[DEBUG] Migration already effectively installed (skipped): \phpbb\db\migration\data\v31x\v313
[DEBUG] Migration already effectively installed (skipped): \phpbb\db\migration\data\v31x\plupload_last_gc_dynamic
[DEBUG] Migration already effectively installed (skipped): \phpbb\db\migration\data\v31x\v313rc2
[DEBUG] Apply dependencies of \phpbb\db\migration\data\v31x\v315.
[DEBUG] Apply dependencies of \phpbb\db\migration\data\v31x\v315rc1.
[DEBUG] Apply dependencies of \phpbb\db\migration\data\v31x\v314.
[DEBUG] Installing Data: \phpbb\db\migration\data\v31x\v314.
[INFO] Installed Data: \phpbb\db\migration\data\v31x\v314; Time: 0.00 seconds
[DEBUG] Migration already effectively installed (skipped): \phpbb\db\migration\data\v31x\v312
[DEBUG] Migration already effectively installed (skipped): \phpbb\db\migration\data\v31x\v313
[DEBUG] Migration already effectively installed (skipped): \phpbb\db\migration\data\v31x\plupload_last_gc_dynamic
[DEBUG] Migration already effectively installed (skipped): \phpbb\db\migration\data\v31x\v313rc2
[DEBUG] Apply dependencies of \phpbb\db\migration\data\v31x\v315.
[DEBUG] Apply dependencies of \phpbb\db\migration\data\v31x\v315rc1.
[DEBUG] Installing Schema: \phpbb\db\migration\data\v31x\v315rc1.
[INFO] Installed Schema: \phpbb\db\migration\data\v31x\v315rc1; Time: 0.00 seconds
[DEBUG] Migration already effectively installed (skipped): \phpbb\db\migration\data\v31x\v312
[DEBUG] Migration already effectively installed (skipped): \phpbb\db\migration\data\v31x\v313
[DEBUG] Migration already effectively installed (skipped): \phpbb\db\migration\data\v31x\plupload_last_gc_dynamic
[DEBUG] Migration already effectively installed (skipped): \phpbb\db\migration\data\v31x\v313rc2
[DEBUG] Apply dependencies of \phpbb\db\migration\data\v31x\v315.
[DEBUG] Apply dependencies of \phpbb\db\migration\data\v31x\v315rc1.
[DEBUG] Installing Data: \phpbb\db\migration\data\v31x\v315rc1.
[INFO] Installed Data: \phpbb\db\migration\data\v31x\v315rc1; Time: 0.00 seconds
[DEBUG] Migration already effectively installed (skipped): \phpbb\db\migration\data\v31x\v312
[DEBUG] Migration already effectively installed (skipped): \phpbb\db\migration\data\v31x\v313
[DEBUG] Migration already effectively installed (skipped): \phpbb\db\migration\data\v31x\plupload_last_gc_dynamic
[DEBUG] Migration already effectively installed (skipped): \phpbb\db\migration\data\v31x\v313rc2
[DEBUG] Apply dependencies of \phpbb\db\migration\data\v31x\v315.
[DEBUG] Installing Schema: \phpbb\db\migration\data\v31x\v315.
[INFO] Installed Schema: \phpbb\db\migration\data\v31x\v315; Time: 0.00 seconds
[DEBUG] Migration already effectively installed (skipped): \phpbb\db\migration\data\v31x\v312
[DEBUG] Migration already effectively installed (skipped): \phpbb\db\migration\data\v31x\v313
[DEBUG] Migration already effectively installed (skipped): \phpbb\db\migration\data\v31x\plupload_last_gc_dynamic
[DEBUG] Migration already effectively installed (skipped): \phpbb\db\migration\data\v31x\v313rc2
[DEBUG] Apply dependencies of \phpbb\db\migration\data\v31x\v315.
[DEBUG] Installing Data: \phpbb\db\migration\data\v31x\v315.
[INFO] Installed Data: \phpbb\db\migration\data\v31x\v315; Time: 0.00 seconds
